This is XeTeX, Version 3.141592653-2.6-0.999994 (TeX Live 2022) (preloaded format=xelatex 2022.9.19)  11 NOV 2022 12:19
entering extended mode
 restricted \write18 enabled.
 %&-line parsing enabled.
**report.tex
(./report.tex
LaTeX2e <2021-11-15> patch level 1
L3 programming layer <2022-02-24>
(e:/downloads about latex/texlive/2022/texmf-dist/tex/latex/amscls/amsart.cls
Document Class: amsart 2020/05/29 v2.20.6
\linespacing=\dimen138
\normalparindent=\dimen139
\normaltopskip=\skip47

(e:/downloads about latex/texlive/2022/texmf-dist/tex/latex/amsmath/amsmath.sty
Package: amsmath 2021/10/15 v2.17l AMS math features
\@mathmargin=\skip48
For additional information on amsmath, use the `?' option.

(e:/downloads about latex/texlive/2022/texmf-dist/tex/latex/amsmath/amstext.sty
Package: amstext 2021/08/26 v2.01 AMS text
(e:/downloads about latex/texlive/2022/texmf-dist/tex/latex/amsmath/amsgen.sty
File: amsgen.sty 1999/11/30 v2.0 generic functions
\@emptytoks=\toks16
\ex@=\dimen140
))
(e:/downloads about latex/texlive/2022/texmf-dist/tex/latex/amsmath/amsbsy.sty
Package: amsbsy 1999/11/29 v1.2d Bold Symbols
\pmbraise@=\dimen141
) (e:/downloads about latex/texlive/2022/texmf-dist/tex/latex/amsmath/amsopn.st
y
Package: amsopn 2021/08/26 v2.02 operator names
)
\inf@bad=\count181
LaTeX Info: Redefining \frac on input line 234.
\uproot@=\count182
\leftroot@=\count183
LaTeX Info: Redefining \overline on input line 399.
\classnum@=\count184
\DOTSCASE@=\count185
LaTeX Info: Redefining \ldots on input line 496.
LaTeX Info: Redefining \dots on input line 499.
LaTeX Info: Redefining \cdots on input line 620.
\Mathstrutbox@=\box50
\strutbox@=\box51
\big@size=\dimen142
LaTeX Font Info:    Redeclaring font encoding OML on input line 743.
LaTeX Font Info:    Redeclaring font encoding OMS on input line 744.
\macc@depth=\count186
\c@MaxMatrixCols=\count187
\dotsspace@=\muskip16
\c@parentequation=\count188
\dspbrk@lvl=\count189
\tag@help=\toks17
\row@=\count190
\column@=\count191
\maxfields@=\count192
\andhelp@=\toks18
\eqnshift@=\dimen143
\alignsep@=\dimen144
\tagshift@=\dimen145
\tagwidth@=\dimen146
\totwidth@=\dimen147
\lineht@=\dimen148
\@envbody=\toks19
\multlinegap=\skip49
\multlinetaggap=\skip50
\mathdisplay@stack=\toks20
LaTeX Info: Redefining \[ on input line 2938.
LaTeX Info: Redefining \] on input line 2939.
)
LaTeX Font Info:    Trying to load font information for U+msa on input line 397
.
 (e:/downloads about latex/texlive/2022/texmf-dist/tex/latex/amsfonts/umsa.fd
File: umsa.fd 2013/01/14 v3.01 AMS symbols A
)
(e:/downloads about latex/texlive/2022/texmf-dist/tex/latex/amsfonts/amsfonts.s
ty
Package: amsfonts 2013/01/14 v3.01 Basic AMSFonts support
\symAMSa=\mathgroup4
\symAMSb=\mathgroup5
LaTeX Font Info:    Redeclaring math symbol \hbar on input line 98.
LaTeX Font Info:    Overwriting math alphabet `\mathfrak' in version `bold'
(Font)                  U/euf/m/n --> U/euf/b/n on input line 106.
)
\copyins=\insert199
\abstractbox=\box52
\listisep=\skip51
\c@part=\count193
\c@section=\count194
\c@subsection=\count195
\c@subsubsection=\count196
\c@paragraph=\count197
\c@subparagraph=\count198
\c@figure=\count266
\c@table=\count267
\abovecaptionskip=\skip52
\belowcaptionskip=\skip53
\captionindent=\dimen149
\thm@style=\toks21
\thm@bodyfont=\toks22
\thm@headfont=\toks23
\thm@notefont=\toks24
\thm@headpunct=\toks25
\thm@preskip=\skip54
\thm@postskip=\skip55
\thm@headsep=\skip56
\dth@everypar=\toks26
)
\DraftStatus=\count268

(e:/downloads about latex/texlive/2022/texmf-dist/tex/latex/comment/comment.sty
\CommentStream=\write3
Excluding comment 'comment') Include comment 'JournalOnly'
Include comment 'ConferenceOnly' Include comment 'TulipStyle' (./preamble.tex
(e:/downloads about latex/texlive/2022/texmf-dist/tex/latex/todonotes/todonotes
.sty
Package: todonotes 2021/06/04 v1.1.5 Todonotes source and documentation.
Package: todonotes 2021/06/04

(e:/downloads about latex/texlive/2022/texmf-dist/tex/latex/base/ifthen.sty
Package: ifthen 2020/11/24 v1.1c Standard LaTeX ifthen package (DPC)
)
(e:/downloads about latex/texlive/2022/texmf-dist/tex/latex/xkeyval/xkeyval.sty
Package: xkeyval 2020/11/20 v2.8 package option processing (HA)

(e:/downloads about latex/texlive/2022/texmf-dist/tex/generic/xkeyval/xkeyval.t
ex
(e:/downloads about latex/texlive/2022/texmf-dist/tex/generic/xkeyval/xkvutils.
tex
\XKV@toks=\toks27
\XKV@tempa@toks=\toks28

(e:/downloads about latex/texlive/2022/texmf-dist/tex/generic/xkeyval/keyval.te
x))
\XKV@depth=\count269
File: xkeyval.tex 2014/12/03 v2.7a key=value parser (HA)
))
(e:/downloads about latex/texlive/2022/texmf-dist/tex/latex/xcolor/xcolor.sty
Package: xcolor 2021/10/31 v2.13 LaTeX color extensions (UK)

(e:/downloads about latex/texlive/2022/texmf-dist/tex/latex/graphics-cfg/color.
cfg
File: color.cfg 2016/01/02 v1.6 sample color configuration
)
Package xcolor Info: Driver file: xetex.def on input line 227.

(e:/downloads about latex/texlive/2022/texmf-dist/tex/latex/graphics-def/xetex.
def
File: xetex.def 2021/03/18 v5.0k Graphics/color driver for xetex
)
Package xcolor Info: Model `cmy' substituted by `cmy0' on input line 1352.
Package xcolor Info: Model `RGB' extended on input line 1368.
Package xcolor Info: Model `HTML' substituted by `rgb' on input line 1370.
Package xcolor Info: Model `Hsb' substituted by `hsb' on input line 1371.
Package xcolor Info: Model `tHsb' substituted by `hsb' on input line 1372.
Package xcolor Info: Model `HSB' substituted by `hsb' on input line 1373.
Package xcolor Info: Model `Gray' substituted by `gray' on input line 1374.
Package xcolor Info: Model `wave' substituted by `hsb' on input line 1375.
)
(e:/downloads about latex/texlive/2022/texmf-dist/tex/latex/pgf/frontendlayer/t
ikz.sty
(e:/downloads about latex/texlive/2022/texmf-dist/tex/latex/pgf/basiclayer/pgf.
sty
(e:/downloads about latex/texlive/2022/texmf-dist/tex/latex/pgf/utilities/pgfrc
s.sty
(e:/downloads about latex/texlive/2022/texmf-dist/tex/generic/pgf/utilities/pgf
util-common.tex
\pgfutil@everybye=\toks29
\pgfutil@tempdima=\dimen150
\pgfutil@tempdimb=\dimen151

(e:/downloads about latex/texlive/2022/texmf-dist/tex/generic/pgf/utilities/pgf
util-common-lists.tex))
(e:/downloads about latex/texlive/2022/texmf-dist/tex/generic/pgf/utilities/pgf
util-latex.def
\pgfutil@abb=\box53
)
(e:/downloads about latex/texlive/2022/texmf-dist/tex/generic/pgf/utilities/pgf
rcs.code.tex
(e:/downloads about latex/texlive/2022/texmf-dist/tex/generic/pgf/pgf.revision.
tex)
Package: pgfrcs 2021/05/15 v3.1.9a (3.1.9a)
))
Package: pgf 2021/05/15 v3.1.9a (3.1.9a)

(e:/downloads about latex/texlive/2022/texmf-dist/tex/latex/pgf/basiclayer/pgfc
ore.sty
(e:/downloads about latex/texlive/2022/texmf-dist/tex/latex/graphics/graphicx.s
ty
Package: graphicx 2021/09/16 v1.2d Enhanced LaTeX Graphics (DPC,SPQR)

(e:/downloads about latex/texlive/2022/texmf-dist/tex/latex/graphics/graphics.s
ty
Package: graphics 2021/03/04 v1.4d Standard LaTeX Graphics (DPC,SPQR)

(e:/downloads about latex/texlive/2022/texmf-dist/tex/latex/graphics/trig.sty
Package: trig 2021/08/11 v1.11 sin cos tan (DPC)
)
(e:/downloads about latex/texlive/2022/texmf-dist/tex/latex/graphics-cfg/graphi
cs.cfg
File: graphics.cfg 2016/06/04 v1.11 sample graphics configuration
)
Package graphics Info: Driver file: xetex.def on input line 107.
)
\Gin@req@height=\dimen152
\Gin@req@width=\dimen153
)
(e:/downloads about latex/texlive/2022/texmf-dist/tex/latex/pgf/systemlayer/pgf
sys.sty
(e:/downloads about latex/texlive/2022/texmf-dist/tex/generic/pgf/systemlayer/p
gfsys.code.tex
Package: pgfsys 2021/05/15 v3.1.9a (3.1.9a)

(e:/downloads about latex/texlive/2022/texmf-dist/tex/generic/pgf/utilities/pgf
keys.code.tex
\pgfkeys@pathtoks=\toks30
\pgfkeys@temptoks=\toks31

(e:/downloads about latex/texlive/2022/texmf-dist/tex/generic/pgf/utilities/pgf
keysfiltered.code.tex
\pgfkeys@tmptoks=\toks32
))
\pgf@x=\dimen154
\pgf@y=\dimen155
\pgf@xa=\dimen156
\pgf@ya=\dimen157
\pgf@xb=\dimen158
\pgf@yb=\dimen159
\pgf@xc=\dimen160
\pgf@yc=\dimen161
\pgf@xd=\dimen162
\pgf@yd=\dimen163
\w@pgf@writea=\write4
\r@pgf@reada=\read2
\c@pgf@counta=\count270
\c@pgf@countb=\count271
\c@pgf@countc=\count272
\c@pgf@countd=\count273
\t@pgf@toka=\toks33
\t@pgf@tokb=\toks34
\t@pgf@tokc=\toks35
\pgf@sys@id@count=\count274

(e:/downloads about latex/texlive/2022/texmf-dist/tex/generic/pgf/systemlayer/p
gf.cfg
File: pgf.cfg 2021/05/15 v3.1.9a (3.1.9a)
)
Driver file for pgf: pgfsys-xetex.def

(e:/downloads about latex/texlive/2022/texmf-dist/tex/generic/pgf/systemlayer/p
gfsys-xetex.def
File: pgfsys-xetex.def 2021/05/15 v3.1.9a (3.1.9a)

(e:/downloads about latex/texlive/2022/texmf-dist/tex/generic/pgf/systemlayer/p
gfsys-dvipdfmx.def
File: pgfsys-dvipdfmx.def 2021/05/15 v3.1.9a (3.1.9a)

(e:/downloads about latex/texlive/2022/texmf-dist/tex/generic/pgf/systemlayer/p
gfsys-common-pdf.def
File: pgfsys-common-pdf.def 2021/05/15 v3.1.9a (3.1.9a)
)
\pgfsys@objnum=\count275
)))
(e:/downloads about latex/texlive/2022/texmf-dist/tex/generic/pgf/systemlayer/p
gfsyssoftpath.code.tex
File: pgfsyssoftpath.code.tex 2021/05/15 v3.1.9a (3.1.9a)
\pgfsyssoftpath@smallbuffer@items=\count276
\pgfsyssoftpath@bigbuffer@items=\count277
)
(e:/downloads about latex/texlive/2022/texmf-dist/tex/generic/pgf/systemlayer/p
gfsysprotocol.code.tex
File: pgfsysprotocol.code.tex 2021/05/15 v3.1.9a (3.1.9a)
))
(e:/downloads about latex/texlive/2022/texmf-dist/tex/generic/pgf/basiclayer/pg
fcore.code.tex
Package: pgfcore 2021/05/15 v3.1.9a (3.1.9a)

(e:/downloads about latex/texlive/2022/texmf-dist/tex/generic/pgf/math/pgfmath.
code.tex
(e:/downloads about latex/texlive/2022/texmf-dist/tex/generic/pgf/math/pgfmathc
alc.code.tex
(e:/downloads about latex/texlive/2022/texmf-dist/tex/generic/pgf/math/pgfmathu
til.code.tex)
(e:/downloads about latex/texlive/2022/texmf-dist/tex/generic/pgf/math/pgfmathp
arser.code.tex
\pgfmath@dimen=\dimen164
\pgfmath@count=\count278
\pgfmath@box=\box54
\pgfmath@toks=\toks36
\pgfmath@stack@operand=\toks37
\pgfmath@stack@operation=\toks38
)
(e:/downloads about latex/texlive/2022/texmf-dist/tex/generic/pgf/math/pgfmathf
unctions.code.tex
(e:/downloads about latex/texlive/2022/texmf-dist/tex/generic/pgf/math/pgfmathf
unctions.basic.code.tex)
(e:/downloads about latex/texlive/2022/texmf-dist/tex/generic/pgf/math/pgfmathf
unctions.trigonometric.code.tex)
(e:/downloads about latex/texlive/2022/texmf-dist/tex/generic/pgf/math/pgfmathf
unctions.random.code.tex)
(e:/downloads about latex/texlive/2022/texmf-dist/tex/generic/pgf/math/pgfmathf
unctions.comparison.code.tex)
(e:/downloads about latex/texlive/2022/texmf-dist/tex/generic/pgf/math/pgfmathf
unctions.base.code.tex)
(e:/downloads about latex/texlive/2022/texmf-dist/tex/generic/pgf/math/pgfmathf
unctions.round.code.tex)
(e:/downloads about latex/texlive/2022/texmf-dist/tex/generic/pgf/math/pgfmathf
unctions.misc.code.tex)
(e:/downloads about latex/texlive/2022/texmf-dist/tex/generic/pgf/math/pgfmathf
unctions.integerarithmetics.code.tex)))
(e:/downloads about latex/texlive/2022/texmf-dist/tex/generic/pgf/math/pgfmathf
loat.code.tex
\c@pgfmathroundto@lastzeros=\count279
))
(e:/downloads about latex/texlive/2022/texmf-dist/tex/generic/pgf/math/pgfint.c
ode.tex)
(e:/downloads about latex/texlive/2022/texmf-dist/tex/generic/pgf/basiclayer/pg
fcorepoints.code.tex
File: pgfcorepoints.code.tex 2021/05/15 v3.1.9a (3.1.9a)
\pgf@picminx=\dimen165
\pgf@picmaxx=\dimen166
\pgf@picminy=\dimen167
\pgf@picmaxy=\dimen168
\pgf@pathminx=\dimen169
\pgf@pathmaxx=\dimen170
\pgf@pathminy=\dimen171
\pgf@pathmaxy=\dimen172
\pgf@xx=\dimen173
\pgf@xy=\dimen174
\pgf@yx=\dimen175
\pgf@yy=\dimen176
\pgf@zx=\dimen177
\pgf@zy=\dimen178
)
(e:/downloads about latex/texlive/2022/texmf-dist/tex/generic/pgf/basiclayer/pg
fcorepathconstruct.code.tex
File: pgfcorepathconstruct.code.tex 2021/05/15 v3.1.9a (3.1.9a)
\pgf@path@lastx=\dimen179
\pgf@path@lasty=\dimen180
)
(e:/downloads about latex/texlive/2022/texmf-dist/tex/generic/pgf/basiclayer/pg
fcorepathusage.code.tex
File: pgfcorepathusage.code.tex 2021/05/15 v3.1.9a (3.1.9a)
\pgf@shorten@end@additional=\dimen181
\pgf@shorten@start@additional=\dimen182
)
(e:/downloads about latex/texlive/2022/texmf-dist/tex/generic/pgf/basiclayer/pg
fcorescopes.code.tex
File: pgfcorescopes.code.tex 2021/05/15 v3.1.9a (3.1.9a)
\pgfpic=\box55
\pgf@hbox=\box56
\pgf@layerbox@main=\box57
\pgf@picture@serial@count=\count280
)
(e:/downloads about latex/texlive/2022/texmf-dist/tex/generic/pgf/basiclayer/pg
fcoregraphicstate.code.tex
File: pgfcoregraphicstate.code.tex 2021/05/15 v3.1.9a (3.1.9a)
\pgflinewidth=\dimen183
)
(e:/downloads about latex/texlive/2022/texmf-dist/tex/generic/pgf/basiclayer/pg
fcoretransformations.code.tex
File: pgfcoretransformations.code.tex 2021/05/15 v3.1.9a (3.1.9a)
\pgf@pt@x=\dimen184
\pgf@pt@y=\dimen185
\pgf@pt@temp=\dimen186
)
(e:/downloads about latex/texlive/2022/texmf-dist/tex/generic/pgf/basiclayer/pg
fcorequick.code.tex
File: pgfcorequick.code.tex 2021/05/15 v3.1.9a (3.1.9a)
)
(e:/downloads about latex/texlive/2022/texmf-dist/tex/generic/pgf/basiclayer/pg
fcoreobjects.code.tex
File: pgfcoreobjects.code.tex 2021/05/15 v3.1.9a (3.1.9a)
)
(e:/downloads about latex/texlive/2022/texmf-dist/tex/generic/pgf/basiclayer/pg
fcorepathprocessing.code.tex
File: pgfcorepathprocessing.code.tex 2021/05/15 v3.1.9a (3.1.9a)
)
(e:/downloads about latex/texlive/2022/texmf-dist/tex/generic/pgf/basiclayer/pg
fcorearrows.code.tex
File: pgfcorearrows.code.tex 2021/05/15 v3.1.9a (3.1.9a)
\pgfarrowsep=\dimen187
)
(e:/downloads about latex/texlive/2022/texmf-dist/tex/generic/pgf/basiclayer/pg
fcoreshade.code.tex
File: pgfcoreshade.code.tex 2021/05/15 v3.1.9a (3.1.9a)
\pgf@max=\dimen188
\pgf@sys@shading@range@num=\count281
\pgf@shadingcount=\count282
)
(e:/downloads about latex/texlive/2022/texmf-dist/tex/generic/pgf/basiclayer/pg
fcoreimage.code.tex
File: pgfcoreimage.code.tex 2021/05/15 v3.1.9a (3.1.9a)

(e:/downloads about latex/texlive/2022/texmf-dist/tex/generic/pgf/basiclayer/pg
fcoreexternal.code.tex
File: pgfcoreexternal.code.tex 2021/05/15 v3.1.9a (3.1.9a)
\pgfexternal@startupbox=\box58
))
(e:/downloads about latex/texlive/2022/texmf-dist/tex/generic/pgf/basiclayer/pg
fcorelayers.code.tex
File: pgfcorelayers.code.tex 2021/05/15 v3.1.9a (3.1.9a)
)
(e:/downloads about latex/texlive/2022/texmf-dist/tex/generic/pgf/basiclayer/pg
fcoretransparency.code.tex
File: pgfcoretransparency.code.tex 2021/05/15 v3.1.9a (3.1.9a)
)
(e:/downloads about latex/texlive/2022/texmf-dist/tex/generic/pgf/basiclayer/pg
fcorepatterns.code.tex
File: pgfcorepatterns.code.tex 2021/05/15 v3.1.9a (3.1.9a)
)
(e:/downloads about latex/texlive/2022/texmf-dist/tex/generic/pgf/basiclayer/pg
fcorerdf.code.tex
File: pgfcorerdf.code.tex 2021/05/15 v3.1.9a (3.1.9a)
)))
(e:/downloads about latex/texlive/2022/texmf-dist/tex/generic/pgf/modules/pgfmo
duleshapes.code.tex
File: pgfmoduleshapes.code.tex 2021/05/15 v3.1.9a (3.1.9a)
\pgfnodeparttextbox=\box59
)
(e:/downloads about latex/texlive/2022/texmf-dist/tex/generic/pgf/modules/pgfmo
duleplot.code.tex
File: pgfmoduleplot.code.tex 2021/05/15 v3.1.9a (3.1.9a)
)
(e:/downloads about latex/texlive/2022/texmf-dist/tex/latex/pgf/compatibility/p
gfcomp-version-0-65.sty
Package: pgfcomp-version-0-65 2021/05/15 v3.1.9a (3.1.9a)
\pgf@nodesepstart=\dimen189
\pgf@nodesepend=\dimen190
)
(e:/downloads about latex/texlive/2022/texmf-dist/tex/latex/pgf/compatibility/p
gfcomp-version-1-18.sty
Package: pgfcomp-version-1-18 2021/05/15 v3.1.9a (3.1.9a)
))
(e:/downloads about latex/texlive/2022/texmf-dist/tex/latex/pgf/utilities/pgffo
r.sty
(e:/downloads about latex/texlive/2022/texmf-dist/tex/latex/pgf/utilities/pgfke
ys.sty
(e:/downloads about latex/texlive/2022/texmf-dist/tex/generic/pgf/utilities/pgf
keys.code.tex))
(e:/downloads about latex/texlive/2022/texmf-dist/tex/latex/pgf/math/pgfmath.st
y
(e:/downloads about latex/texlive/2022/texmf-dist/tex/generic/pgf/math/pgfmath.
code.tex))
(e:/downloads about latex/texlive/2022/texmf-dist/tex/generic/pgf/utilities/pgf
for.code.tex
Package: pgffor 2021/05/15 v3.1.9a (3.1.9a)

(e:/downloads about latex/texlive/2022/texmf-dist/tex/generic/pgf/math/pgfmath.
code.tex)
\pgffor@iter=\dimen191
\pgffor@skip=\dimen192
\pgffor@stack=\toks39
\pgffor@toks=\toks40
))
(e:/downloads about latex/texlive/2022/texmf-dist/tex/generic/pgf/frontendlayer
/tikz/tikz.code.tex
Package: tikz 2021/05/15 v3.1.9a (3.1.9a)

(e:/downloads about latex/texlive/2022/texmf-dist/tex/generic/pgf/libraries/pgf
libraryplothandlers.code.tex
File: pgflibraryplothandlers.code.tex 2021/05/15 v3.1.9a (3.1.9a)
\pgf@plot@mark@count=\count283
\pgfplotmarksize=\dimen193
)
\tikz@lastx=\dimen194
\tikz@lasty=\dimen195
\tikz@lastxsaved=\dimen196
\tikz@lastysaved=\dimen197
\tikz@lastmovetox=\dimen198
\tikz@lastmovetoy=\dimen256
\tikzleveldistance=\dimen257
\tikzsiblingdistance=\dimen258
\tikz@figbox=\box60
\tikz@figbox@bg=\box61
\tikz@tempbox=\box62
\tikz@tempbox@bg=\box63
\tikztreelevel=\count284
\tikznumberofchildren=\count285
\tikznumberofcurrentchild=\count286
\tikz@fig@count=\count287

(e:/downloads about latex/texlive/2022/texmf-dist/tex/generic/pgf/modules/pgfmo
dulematrix.code.tex
File: pgfmodulematrix.code.tex 2021/05/15 v3.1.9a (3.1.9a)
\pgfmatrixcurrentrow=\count288
\pgfmatrixcurrentcolumn=\count289
\pgf@matrix@numberofcolumns=\count290
)
\tikz@expandcount=\count291

(e:/downloads about latex/texlive/2022/texmf-dist/tex/generic/pgf/frontendlayer
/tikz/libraries/tikzlibrarytopaths.code.tex
File: tikzlibrarytopaths.code.tex 2021/05/15 v3.1.9a (3.1.9a)
)))
(e:/downloads about latex/texlive/2022/texmf-dist/tex/generic/pgf/frontendlayer
/tikz/libraries/tikzlibrarypositioning.code.tex
File: tikzlibrarypositioning.code.tex 2021/05/15 v3.1.9a (3.1.9a)
)
(e:/downloads about latex/texlive/2022/texmf-dist/tex/latex/tools/calc.sty
Package: calc 2017/05/25 v4.3 Infix arithmetic (KKT,FJ)
\calc@Acount=\count292
\calc@Bcount=\count293
\calc@Adimen=\dimen259
\calc@Bdimen=\dimen260
\calc@Askip=\skip57
\calc@Bskip=\skip58
LaTeX Info: Redefining \setlength on input line 80.
LaTeX Info: Redefining \addtolength on input line 81.
\calc@Ccount=\count294
\calc@Cskip=\skip59
)
\c@@todonotes@numberoftodonotes=\count295
)
(e:/downloads about latex/texlive/2022/texmf-dist/tex/latex/algorithms/algorith
m.sty
Invalid UTF-8 byte or sequence at line 11 replaced by U+FFFD.
Package: algorithm 2009/08/24 v0.1 Document Style `algorithm' - floating enviro
nment

(e:/downloads about latex/texlive/2022/texmf-dist/tex/latex/float/float.sty
Package: float 2001/11/08 v1.3d Float enhancements (AL)
\c@float@type=\count296
\float@exts=\toks41
\float@box=\box64
\@float@everytoks=\toks42
\@floatcapt=\box65
)
\@float@every@algorithm=\toks43
\c@algorithm=\count297
)
(e:/downloads about latex/texlive/2022/texmf-dist/tex/latex/algorithms/algorith
mic.sty
Invalid UTF-8 byte or sequence at line 11 replaced by U+FFFD.
Package: algorithmic 2009/08/24 v0.1 Document Style `algorithmic'
\c@ALC@unique=\count298
\c@ALC@line=\count299
\c@ALC@rem=\count300
\c@ALC@depth=\count301
\ALC@tlm=\skip60
\algorithmicindent=\skip61
)
(e:/downloads about latex/texlive/2022/texmf-dist/tex/latex/breqn/breqn.sty
(e:/downloads about latex/texlive/2022/texmf-dist/tex/latex/l3kernel/expl3.sty
Package: expl3 2022-02-24 L3 programming layer (loader) 

(e:/downloads about latex/texlive/2022/texmf-dist/tex/latex/l3backend/l3backend
-xetex.def
File: l3backend-xetex.def 2022-02-07 L3 backend support: XeTeX
 (|extractbb --version)
\c__kernel_sys_dvipdfmx_version_int=\count302
\l__color_backend_stack_int=\count303
\g__color_backend_stack_int=\count304
\g__graphics_track_int=\count305
\l__pdf_internal_box=\box66
\g__pdf_backend_object_int=\count306
\g__pdf_backend_annotation_int=\count307
\g__pdf_backend_link_int=\count308
))
Package: breqn 2021/10/28 v0.98l Breaking equations

(e:/downloads about latex/texlive/2022/texmf-dist/tex/latex/breqn/flexisym.sty
Package: flexisym 2021/10/28 v0.98l Make math characters macros
LaTeX Info: Redefining \textprime on input line 299.
LaTeX Info: Redefining \not on input line 357.

(e:/downloads about latex/texlive/2022/texmf-dist/tex/latex/breqn/cmbase.sym
File: cmbase.sym 2007/12/19 v0.92
LaTeX Info: Redefining \hbar on input line 324.
LaTeX Info: Redefining \surd on input line 326.
LaTeX Info: Redefining \angle on input line 334.
LaTeX Info: Redefining \neq on input line 335.
LaTeX Info: Redefining \mapsto on input line 336.
LaTeX Info: Redefining \cong on input line 337.
LaTeX Info: Redefining \notin on input line 340.
LaTeX Info: Redefining \rightleftharpoons on input line 341.
LaTeX Info: Redefining \doteq on input line 342.
LaTeX Info: Redefining \hookrightarrow on input line 343.
LaTeX Info: Redefining \hookleftarrow on input line 344.
LaTeX Info: Redefining \bowtie on input line 345.
LaTeX Info: Redefining \models on input line 346.
LaTeX Info: Redefining \Longrightarrow on input line 347.
LaTeX Info: Redefining \longrightarrow on input line 348.
LaTeX Info: Redefining \Longleftarrow on input line 349.
LaTeX Info: Redefining \longleftarrow on input line 350.
LaTeX Info: Redefining \longmapsto on input line 351.
LaTeX Info: Redefining \longleftrightarrow on input line 352.
LaTeX Info: Redefining \Longleftrightarrow on input line 353.
LaTeX Info: Redefining \cdots on input line 357.
LaTeX Info: Redefining \vdots on input line 360.
LaTeX Info: Redefining \ddots on input line 365.
)
(e:/downloads about latex/texlive/2022/texmf-dist/tex/latex/breqn/mathstyle.sty
Package: mathstyle 2021/10/28 v0.98l Tracking mathstyle implicitly
LaTeX Info: Redefining \displaystyle on input line 95.
LaTeX Info: Redefining \textstyle on input line 97.
LaTeX Info: Redefining \scriptstyle on input line 99.
LaTeX Info: Redefining \scriptscriptstyle on input line 101.
LaTeX Info: Redefining \genfrac on input line 149.
))
\inf@bad=\count309
\maxint=\count310
\listwidth=\dimen261
\eqnumsep=\dimen262
\eqmargin=\dimen263
\eqlinespacing=\skip62
\eqlineskip=\skip63
\eqlineskiplimit=\dimen264
\eqbinoffset=\muskip17
\eqdelimoffset=\muskip18
\eqindentstep=\dimen265
\eqstyle=\toks44
\eqbreakdepth=\count311
\eqinterlinepenalty=\count312
\intereqpenalty=\count313
\intereqskip=\skip64
\prerelpenalty=\count314
\prebinoppenalty=\count315
\Dmedmuskip=\muskip19
\Dthickmuskip=\muskip20
\eqleftskip=\skip65
\eqrightskip=\skip66
\eq@vspan=\skip67
\eq@binoffset=\muskip21
\EQ@box=\box67
\EQ@copy=\box68
\EQ@numbox=\box69
\eq@wdNum=\dimen266
\GRP@numbox=\box70
\grp@wdNum=\dimen267
\eq@lines=\count316
\eq@curline=\count317
\eq@badness=\count318
\EQ@vims=\count319
\eq@dp=\dimen268
\eq@wdL=\dimen269
\eq@wdT=\dimen270
\eq@wdMin=\dimen271
\grp@wdL=\dimen272
\grp@wdR=\dimen273
\grp@wdT=\dimen274
\eq@wdRmax=\dimen275
\eq@firstht=\dimen276
\eq@wdCond=\dimen277
\eq@indentstep=\dimen278
\eq@linewidth=\dimen279
\grp@linewidth=\dimen280
\eq@hshift=\dimen281
\eq@given@sidespace=\dimen282
\mathindent=\dimen283
\eq@final@linecount=\count320
\eq@wdR=\dimen284
\EQ@continue=\toks45
\lr@level=\count321
\GRP@queue=\toks46
\GRP@box=\box71
\GRP@wholebox=\box72
\darraycolsep=\skip68
\cur@row=\count322
\cur@col=\count323
\conditionsep=\skip69
)
(e:/downloads about latex/texlive/2022/texmf-dist/tex/latex/caption/subcaption.
sty
Package: subcaption 2022/01/07 v1.5 Sub-captions (AR)

(e:/downloads about latex/texlive/2022/texmf-dist/tex/latex/caption/caption.sty
Package: caption 2022/03/01 v3.6b Customizing captions (AR)

(e:/downloads about latex/texlive/2022/texmf-dist/tex/latex/caption/caption3.st
y
Package: caption3 2022/03/17 v2.3b caption3 kernel (AR)
\caption@tempdima=\dimen285
\captionmargin=\dimen286
\caption@leftmargin=\dimen287
\caption@rightmargin=\dimen288
\caption@width=\dimen289
\caption@indent=\dimen290
\caption@parindent=\dimen291
\caption@hangindent=\dimen292
Package caption Info: AMS or SMF document class detected.

(e:/downloads about latex/texlive/2022/texmf-dist/tex/latex/caption/caption-ams
-smf.sto
File: caption-ams-smf.sto 2020/08/22 v2.0 Adaption of the caption package to th
e AMS and SMF document classes (AR)
))
\c@caption@flags=\count324
\c@continuedfloat=\count325
Package caption Info: float package is loaded.
)
\c@subfigure=\count326
\c@subtable=\count327
)
(e:/downloads about latex/texlive/2022/texmf-dist/tex/latex/multirow/multirow.s
ty
Package: multirow 2021/03/15 v2.8 Span multiple rows of a table
\multirow@colwidth=\skip70
\multirow@cntb=\count328
\multirow@dima=\skip71
\bigstrutjot=\dimen293
)
(e:/downloads about latex/texlive/2022/texmf-dist/tex/latex/psfrag/psfrag.sty
Package: psfrag 1998/04/11 v3.04 PSfrag (MCG)
\pfg@pcount=\count329
\pfg@scount=\count330
\pfg@temp=\write5
)
(e:/downloads about latex/texlive/2022/texmf-dist/tex/latex/url/url.sty
\Urlmuskip=\muskip22
Package: url 2013/09/16  ver 3.4  Verb mode for urls, etc.
)
(e:/downloads about latex/texlive/2022/texmf-dist/tex/latex/hyperref/hyperref.s
ty
Package: hyperref 2022-02-21 v7.00n Hypertext links for LaTeX

(e:/downloads about latex/texlive/2022/texmf-dist/tex/generic/ltxcmds/ltxcmds.s
ty
Package: ltxcmds 2020-05-10 v1.25 LaTeX kernel commands for general use (HO)
)
(e:/downloads about latex/texlive/2022/texmf-dist/tex/generic/iftex/iftex.sty
Package: iftex 2022/02/03 v1.0f TeX engine tests
)
(e:/downloads about latex/texlive/2022/texmf-dist/tex/generic/pdftexcmds/pdftex
cmds.sty
Package: pdftexcmds 2020-06-27 v0.33 Utility functions of pdfTeX for LuaTeX (HO
)

(e:/downloads about latex/texlive/2022/texmf-dist/tex/generic/infwarerr/infware
rr.sty
Package: infwarerr 2019/12/03 v1.5 Providing info/warning/error messages (HO)
)
Package pdftexcmds Info: \pdf@primitive is available.
Package pdftexcmds Info: \pdf@ifprimitive is available.
Package pdftexcmds Info: \pdfdraftmode not found.
)
(e:/downloads about latex/texlive/2022/texmf-dist/tex/generic/kvsetkeys/kvsetke
ys.sty
Package: kvsetkeys 2019/12/15 v1.18 Key value parser (HO)
)
(e:/downloads about latex/texlive/2022/texmf-dist/tex/generic/kvdefinekeys/kvde
finekeys.sty
Package: kvdefinekeys 2019-12-19 v1.6 Define keys (HO)
)
(e:/downloads about latex/texlive/2022/texmf-dist/tex/generic/pdfescape/pdfesca
pe.sty
Package: pdfescape 2019/12/09 v1.15 Implements pdfTeX's escape features (HO)
)
(e:/downloads about latex/texlive/2022/texmf-dist/tex/latex/hycolor/hycolor.sty
Package: hycolor 2020-01-27 v1.10 Color options for hyperref/bookmark (HO)
)
(e:/downloads about latex/texlive/2022/texmf-dist/tex/latex/letltxmacro/letltxm
acro.sty
Package: letltxmacro 2019/12/03 v1.6 Let assignment for LaTeX macros (HO)
)
(e:/downloads about latex/texlive/2022/texmf-dist/tex/latex/auxhook/auxhook.sty
Package: auxhook 2019-12-17 v1.6 Hooks for auxiliary files (HO)
)
(e:/downloads about latex/texlive/2022/texmf-dist/tex/latex/kvoptions/kvoptions
.sty
Package: kvoptions 2020-10-07 v3.14 Key value format for package options (HO)
)
\@linkdim=\dimen294
\Hy@linkcounter=\count331
\Hy@pagecounter=\count332

(e:/downloads about latex/texlive/2022/texmf-dist/tex/latex/hyperref/pd1enc.def
File: pd1enc.def 2022-02-21 v7.00n Hyperref: PDFDocEncoding definition (HO)
)
(e:/downloads about latex/texlive/2022/texmf-dist/tex/generic/intcalc/intcalc.s
ty
Package: intcalc 2019/12/15 v1.3 Expandable calculations with integers (HO)
)
(e:/downloads about latex/texlive/2022/texmf-dist/tex/generic/etexcmds/etexcmds
.sty
Package: etexcmds 2019/12/15 v1.7 Avoid name clashes with e-TeX commands (HO)
)
\Hy@SavedSpaceFactor=\count333

(e:/downloads about latex/texlive/2022/texmf-dist/tex/latex/hyperref/puenc.def
File: puenc.def 2022-02-21 v7.00n Hyperref: PDF Unicode definition (HO)
)
Package hyperref Info: Option `colorlinks' set `true' on input line 4018.
Package hyperref Info: Hyper figures OFF on input line 4137.
Package hyperref Info: Link nesting OFF on input line 4142.
Package hyperref Info: Hyper index ON on input line 4145.
Package hyperref Info: Plain pages OFF on input line 4152.
Package hyperref Info: Backreferencing OFF on input line 4157.
Package hyperref Info: Implicit mode ON; LaTeX internals redefined.
Package hyperref Info: Bookmarks ON on input line 4390.
\c@Hy@tempcnt=\count334
LaTeX Info: Redefining \url on input line 4749.
\XeTeXLinkMargin=\dimen295

(e:/downloads about latex/texlive/2022/texmf-dist/tex/generic/bitset/bitset.sty
Package: bitset 2019/12/09 v1.3 Handle bit-vector datatype (HO)

(e:/downloads about latex/texlive/2022/texmf-dist/tex/generic/bigintcalc/bigint
calc.sty
Package: bigintcalc 2019/12/15 v1.5 Expandable calculations on big integers (HO
)
))
\Fld@menulength=\count335
\Field@Width=\dimen296
\Fld@charsize=\dimen297
Package hyperref Info: Hyper figures OFF on input line 6027.
Package hyperref Info: Link nesting OFF on input line 6032.
Package hyperref Info: Hyper index ON on input line 6035.
Package hyperref Info: backreferencing OFF on input line 6042.
Package hyperref Info: Link coloring ON on input line 6045.
Package hyperref Info: Link coloring with OCG OFF on input line 6052.
Package hyperref Info: PDF/A mode OFF on input line 6057.
LaTeX Info: Redefining \ref on input line 6097.
LaTeX Info: Redefining \pageref on input line 6101.

(e:/downloads about latex/texlive/2022/texmf-dist/tex/latex/base/atbegshi-ltx.s
ty
Package: atbegshi-ltx 2021/01/10 v1.0c Emulation of the original atbegshi
package with kernel methods
)
\Hy@abspage=\count336
\c@Item=\count337
\c@Hfootnote=\count338
)
Package hyperref Info: Driver (autodetected): hxetex.

(e:/downloads about latex/texlive/2022/texmf-dist/tex/latex/hyperref/hxetex.def
File: hxetex.def 2022-02-21 v7.00n Hyperref driver for XeTeX

(e:/downloads about latex/texlive/2022/texmf-dist/tex/generic/stringenc/stringe
nc.sty
Package: stringenc 2019/11/29 v1.12 Convert strings between diff. encodings (HO
)
)
\pdfm@box=\box73
\c@Hy@AnnotLevel=\count339
\HyField@AnnotCount=\count340
\Fld@listcount=\count341
\c@bookmark@seq@number=\count342

(e:/downloads about latex/texlive/2022/texmf-dist/tex/latex/rerunfilecheck/reru
nfilecheck.sty
Package: rerunfilecheck 2019/12/05 v1.9 Rerun checks for auxiliary files (HO)

(e:/downloads about latex/texlive/2022/texmf-dist/tex/latex/base/atveryend-ltx.
sty
Package: atveryend-ltx 2020/08/19 v1.0a Emulation of the original atveryend pac
kage
with kernel methods
)
(e:/downloads about latex/texlive/2022/texmf-dist/tex/generic/uniquecounter/uni
quecounter.sty
Package: uniquecounter 2019/12/15 v1.4 Provide unlimited unique counter (HO)
)
Package uniquecounter Info: New unique counter `rerunfilecheck' on input line 2
86.
)
\Hy@SectionHShift=\skip72
)
(e:/downloads about latex/texlive/2022/texmf-dist/tex/latex/cleveref/cleveref.s
ty
Package: cleveref 2018/03/27 v0.21.4 Intelligent cross-referencing
Package cleveref Info: `hyperref' support loaded on input line 2370.
LaTeX Info: Redefining \cref on input line 2370.
LaTeX Info: Redefining \Cref on input line 2370.
LaTeX Info: Redefining \crefrange on input line 2370.
LaTeX Info: Redefining \Crefrange on input line 2370.
LaTeX Info: Redefining \cpageref on input line 2370.
LaTeX Info: Redefining \Cpageref on input line 2370.
LaTeX Info: Redefining \cpagerefrange on input line 2370.
LaTeX Info: Redefining \Cpagerefrange on input line 2370.
LaTeX Info: Redefining \labelcref on input line 2370.
LaTeX Info: Redefining \labelcpageref on input line 2370.
Package cleveref Info: `amsthm' support loaded on input line 3026.
Package cleveref Info: `breqn' support loaded on input line 3109.
)
(e:/downloads about latex/texlive/2022/texmf-dist/tex/latex/booktabs/booktabs.s
ty
Package: booktabs 2020/01/12 v1.61803398 Publication quality tables
\heavyrulewidth=\dimen298
\lightrulewidth=\dimen299
\cmidrulewidth=\dimen300
\belowrulesep=\dimen301
\belowbottomsep=\dimen302
\aboverulesep=\dimen303
\abovetopsep=\dimen304
\cmidrulesep=\dimen305
\cmidrulekern=\dimen306
\defaultaddspace=\dimen307
\@cmidla=\count343
\@cmidlb=\count344
\@aboverulesep=\dimen308
\@belowrulesep=\dimen309
\@thisruleclass=\count345
\@lastruleclass=\count346
\@thisrulewidth=\dimen310
)
(e:/downloads about latex/texlive/2022/texmf-dist/tex/latex/graphics/rotating.s
ty
Package: rotating 2016/08/11 v2.16d rotated objects in LaTeX
\c@r@tfl@t=\count347
\rotFPtop=\skip73
\rotFPbot=\skip74
\rot@float@box=\box74
\rot@mess@toks=\toks47
)
(e:/downloads about latex/texlive/2022/texmf-dist/tex/latex/colortbl/colortbl.s
ty
Package: colortbl 2020/01/04 v1.0e Color table columns (DPC)
 (e:/downloads about latex/texlive/2022/texmf-dist/tex/latex/tools/array.sty
Package: array 2021/10/04 v2.5f Tabular extension package (FMi)
\col@sep=\dimen311
\ar@mcellbox=\box75
\extrarowheight=\dimen312
\NC@list=\toks48
\extratabsurround=\skip75
\backup@length=\skip76
\ar@cellbox=\box76
)
\everycr=\toks49
\minrowclearance=\skip77
)
(e:/downloads about latex/texlive/2022/texmf-dist/tex/latex/paralist/paralist.s
ty
Package: paralist 2017/01/22 v2.7 Extended list environments
\pltopsep=\skip78
\plpartopsep=\skip79
\plitemsep=\skip80
\plparsep=\skip81
\pl@lab=\toks50
)
(e:/downloads about latex/texlive/2022/texmf-dist/tex/latex/epstopdf-pkg/epstop
df.sty
Package: epstopdf 2020-01-24 v2.11 Conversion with epstopdf on the fly (HO)

(e:/downloads about latex/texlive/2022/texmf-dist/tex/latex/grfext/grfext.sty
Package: grfext 2019/12/03 v1.3 Manage graphics extensions (HO)
)
(e:/downloads about latex/texlive/2022/texmf-dist/tex/latex/epstopdf-pkg/epstop
df-base.sty
Package: epstopdf-base 2020-01-24 v2.11 Base part for package epstopdf


Package epstopdf Warning: Drivers other than `pdftex' and `luatex' are not supp
orted.

)) (e:/downloads about latex/texlive/2022/texmf-dist/tex/latex/nag/nag.sty
Package: nag 2011/11/25 0.7 warning about old commands (ulmi)
\c@nag@c=\count348
\c@nag@sins=\count349
)
(e:/downloads about latex/texlive/2022/texmf-dist/tex/latex/microtype/microtype
.sty
Package: microtype 2022/03/14 v3.0d Micro-typographical refinements (RS)

(e:/downloads about latex/texlive/2022/texmf-dist/tex/latex/etoolbox/etoolbox.s
ty
Package: etoolbox 2020/10/05 v2.5k e-TeX tools for LaTeX (JAW)
\etb@tempcnta=\count350
)
\MT@toks=\toks51
\MT@tempbox=\box77
\MT@count=\count351
LaTeX Info: Redefining \noprotrusionifhmode on input line 1027.
LaTeX Info: Redefining \leftprotrusion on input line 1028.
LaTeX Info: Redefining \rightprotrusion on input line 1036.
LaTeX Info: Redefining \textls on input line 1195.
\MT@outer@kern=\dimen313
LaTeX Info: Redefining \textmicrotypecontext on input line 1781.
\MT@listname@count=\count352

(e:/downloads about latex/texlive/2022/texmf-dist/tex/latex/microtype/microtype
-xetex.def
File: microtype-xetex.def 2022/03/14 v3.0d Definitions specific to xetex (RS)
LaTeX Info: Redefining \lsstyle on input line 236.
)
Package microtype Info: Loading configuration file microtype.cfg.

(e:/downloads about latex/texlive/2022/texmf-dist/tex/latex/microtype/microtype
.cfg
File: microtype.cfg 2022/03/14 v3.0d microtype main configuration file (RS)
))
(e:/downloads about latex/texlive/2022/texmf-dist/tex/latex/siunitx/siunitx.sty
Package: siunitx 2022-02-15 v3.0.49 A comprehensive (SI) units package
\l__siunitx_angle_tmp_dim=\dimen314
\l__siunitx_angle_marker_box=\box78
\l__siunitx_angle_unit_box=\box79
\l__siunitx_compound_count_int=\count353

(e:/downloads about latex/texlive/2022/texmf-dist/tex/latex/translations/transl
ations.sty
Package: translations 2022/02/05 v1.12 internationalization of LaTeX2e packages
 (CN)
)
\l__siunitx_number_exponent_fixed_int=\count354
\l__siunitx_number_min_decimal_int=\count355
\l__siunitx_number_min_integer_int=\count356
\l__siunitx_number_round_precision_int=\count357
\l__siunitx_number_group_minimum_int=\count358
\l__siunitx_table_tmp_box=\box80
\l__siunitx_table_tmp_dim=\dimen315
\l__siunitx_table_column_width_dim=\dimen316
\l__siunitx_table_integer_box=\box81
\l__siunitx_table_decimal_box=\box82
\l__siunitx_table_before_box=\box83
\l__siunitx_table_after_box=\box84
\l__siunitx_table_before_dim=\dimen317
\l__siunitx_table_carry_dim=\dimen318
\l__siunitx_unit_tmp_int=\count359
\l__siunitx_unit_position_int=\count360
\l__siunitx_unit_total_int=\count361

(e:/downloads about latex/texlive/2022/texmf-dist/tex/latex/l3packages/l3keys2e
/l3keys2e.sty
Package: l3keys2e 2022-01-12 LaTeX2e option processing using LaTeX3 keys
))
(e:/downloads about latex/texlive/2022/texmf-dist/tex/latex/units/nicefrac.sty
Package: nicefrac 1998/08/04 v0.9b Nice fractions
\L@UnitsRaiseDisplaystyle=\skip82
\L@UnitsRaiseTextstyle=\skip83
\L@UnitsRaiseScriptstyle=\skip84
)
(e:/downloads about latex/texlive/2022/texmf-dist/tex/latex/fontawesome/fontawe
some.sty
Package: fontawesome 2016/05/15 v4.6.3.1 font awesome icons

(e:/downloads about latex/texlive/2022/texmf-dist/tex/generic/iftex/ifxetex.sty
Package: ifxetex 2019/10/25 v0.7 ifxetex legacy package. Use iftex instead.
)
(e:/downloads about latex/texlive/2022/texmf-dist/tex/generic/iftex/ifluatex.st
y
Package: ifluatex 2019/10/25 v1.5 ifluatex legacy package. Use iftex instead.
)
(e:/downloads about latex/texlive/2022/texmf-dist/tex/latex/fontawesome/fontawe
somesymbols-generic.tex)
(e:/downloads about latex/texlive/2022/texmf-dist/tex/latex/fontspec/fontspec.s
ty
(e:/downloads about latex/texlive/2022/texmf-dist/tex/latex/l3packages/xparse/x
parse.sty
Package: xparse 2022-01-12 L3 Experimental document command parser
)
Package: fontspec 2022/01/15 v2.8a Font selection for XeLaTeX and LuaLaTeX

(e:/downloads about latex/texlive/2022/texmf-dist/tex/latex/fontspec/fontspec-x
etex.sty
Package: fontspec-xetex 2022/01/15 v2.8a Font selection for XeLaTeX and LuaLaTe
X
\l__fontspec_script_int=\count362
\l__fontspec_language_int=\count363
\l__fontspec_strnum_int=\count364
\l__fontspec_tmp_int=\count365
\l__fontspec_tmpa_int=\count366
\l__fontspec_tmpb_int=\count367
\l__fontspec_tmpc_int=\count368
\l__fontspec_em_int=\count369
\l__fontspec_emdef_int=\count370
\l__fontspec_strong_int=\count371
\l__fontspec_strongdef_int=\count372
\l__fontspec_tmpa_dim=\dimen319
\l__fontspec_tmpb_dim=\dimen320
\l__fontspec_tmpc_dim=\dimen321

(e:/downloads about latex/texlive/2022/texmf-dist/tex/latex/base/fontenc.sty
Package: fontenc 2021/04/29 v2.0v Standard LaTeX package
)
(e:/downloads about latex/texlive/2022/texmf-dist/tex/latex/fontspec/fontspec.c
fg)))

Package fontspec Info: Could not resolve font "FontAwesome/BI" (it probably
(fontspec)             doesn't exist).


Package fontspec Info: Could not resolve font "FontAwesome/B" (it probably
(fontspec)             doesn't exist).


Package fontspec Info: Could not resolve font "FontAwesome/I" (it probably
(fontspec)             doesn't exist).


Package fontspec Info: Font family 'FontAwesome(0)' created for font
(fontspec)             'FontAwesome' with options [].
(fontspec)              
(fontspec)              This font family consists of the following NFSS
(fontspec)             series/shapes:
(fontspec)              
(fontspec)             - 'normal' (m/n) with NFSS spec.:
(fontspec)             <->"FontAwesome/OT:language=dflt;"
(fontspec)             - 'small caps'  (m/sc) with NFSS spec.: 


(e:/downloads about latex/texlive/2022/texmf-dist/tex/latex/fontawesome/fontawe
somesymbols-xeluatex.tex))
(e:/downloads about latex/texlive/2022/texmf-dist/tex/latex/tools/multicol.sty
Package: multicol 2021/10/28 v1.9b multicolumn formatting (FMi)
\c@tracingmulticols=\count373
\mult@box=\box85
\multicol@leftmargin=\dimen322
\c@unbalance=\count374
\c@collectmore=\count375
\doublecol@number=\count376
\multicoltolerance=\count377
\multicolpretolerance=\count378
\full@width=\dimen323
\page@free=\dimen324
\premulticols=\dimen325
\postmulticols=\dimen326
\multicolsep=\skip85
\multicolbaselineskip=\skip86
\partial@page=\box86
\last@line=\box87
\maxbalancingoverflow=\dimen327
\mult@rightbox=\box88
\mult@grightbox=\box89
\mult@firstbox=\box90
\mult@gfirstbox=\box91
\@tempa=\box92
\@tempa=\box93
\@tempa=\box94
\@tempa=\box95
\@tempa=\box96
\@tempa=\box97
\@tempa=\box98
\@tempa=\box99
\@tempa=\box100
\@tempa=\box101
\@tempa=\box102
\@tempa=\box103
\@tempa=\box104
\@tempa=\box105
\@tempa=\box106
\@tempa=\box107
\@tempa=\box108
\@tempa=\box109
\@tempa=\box110
\@tempa=\box111
\@tempa=\box112
\@tempa=\box113
\@tempa=\box114
\@tempa=\box115
\@tempa=\box116
\@tempa=\box117
\@tempa=\box118
\@tempa=\box119
\@tempa=\box120
\@tempa=\box121
\@tempa=\box122
\@tempa=\box123
\@tempa=\box124
\@tempa=\box125
\@tempa=\box126
\@tempa=\box127
\c@minrows=\count379
\c@columnbadness=\count380
\c@finalcolumnbadness=\count381
\last@try=\dimen328
\multicolovershoot=\dimen329
\multicolundershoot=\dimen330
\mult@nat@firstbox=\box128
\colbreak@box=\box129
\mc@col@check@num=\count382
)
(e:/downloads about latex/texlive/2022/texmf-dist/tex/latex/wrapfig/wrapfig.sty
\wrapoverhang=\dimen331
\WF@size=\dimen332
\c@WF@wrappedlines=\count383
\WF@box=\box130
\WF@everypar=\toks52
Package: wrapfig 2003/01/31  v 3.6
)
(e:/downloads about latex/texlive/2022/texmf-dist/tex/latex/tablefootnote/table
footnote.sty
Package: tablefootnote 2014/01/26 v1.1c Table foot notes (HMM)

(e:/downloads about latex/texlive/2022/texmf-dist/tex/latex/xifthen/xifthen.sty
Package: xifthen 2015/11/05 v1.4.0 Extended ifthen features

(e:/downloads about latex/texlive/2022/texmf-dist/tex/latex/ifmtarg/ifmtarg.sty
Package: ifmtarg 2018/04/16 v1.2b check for an empty argument
)))
(e:/downloads about latex/texlive/2022/texmf-dist/tex/latex/threeparttable/thre
eparttable.sty
Package: threeparttable 2003/06/13  v 3.0
\@tempboxb=\box131
)
(e:/downloads about latex/texlive/2022/texmf-dist/tex/latex/cite/cite.sty
LaTeX Info: Redefining \cite on input line 302.
LaTeX Info: Redefining \nocite on input line 332.
Package: cite 2015/02/27  v 5.5
)
(e:/downloads about latex/texlive/2022/texmf-dist/tex/latex/lipsum/lipsum.sty
Package: lipsum 2021-09-20 v2.7 150 paragraphs of Lorem Ipsum dummy text
\g__lipsum_par_int=\count384
\l__lipsum_a_int=\count385
\l__lipsum_b_int=\count386

(e:/downloads about latex/texlive/2022/texmf-dist/tex/latex/lipsum/lipsum.ltd.t
ex))
(e:/downloads about latex/texlive/2022/texmf-dist/tex/generic/babel/babel.sty
Package: babel 2022/02/26 3.73 The Babel package
\babel@savecnt=\count387
\U@D=\dimen333
\l@unhyphenated=\language87

(e:/downloads about latex/texlive/2022/texmf-dist/tex/generic/babel/xebabel.def

(e:/downloads about latex/texlive/2022/texmf-dist/tex/generic/babel/txtbabel.de
f))
\bbl@readstream=\read3
\bbl@dirlevel=\count388

(e:/downloads about latex/texlive/2022/texmf-dist/tex/generic/babel-english/eng
lish.ldf
Language: english 2017/06/06 v3.3r English support from the babel system
Package babel Info: Hyphen rules for 'canadian' set to \l@english
(babel)             (\language0). Reported on input line 102.
Package babel Info: Hyphen rules for 'australian' set to \l@ukenglish
(babel)             (\language21). Reported on input line 105.
Package babel Info: Hyphen rules for 'newzealand' set to \l@ukenglish
(babel)             (\language21). Reported on input line 108.
))
(e:/downloads about latex/texlive/2022/texmf-dist/tex/latex/blindtext/blindtext
.sty
Package: blindtext 2012/01/06 V2.0 blindtext-Package

(e:/downloads about latex/texlive/2022/texmf-dist/tex/latex/tools/xspace.sty
Package: xspace 2014/10/28 v1.13 Space after command names (DPC,MH)
)
\c@blindtext=\count389
\c@Blindtext=\count390
\c@blind@countparstart=\count391
\blind@countxx=\count392
\blindtext@numBlindtext=\count393
\blind@countyy=\count394
\c@blindlist=\count395
\c@blindlistlevel=\count396
\c@blindlist@level=\count397
\blind@listitem=\count398
\c@blind@listcount=\count399
\c@blind@levelcount=\count400
\blind@mathformula=\count401
\blind@Mathformula=\count402
\c@blind@randomcount=\count403
\c@blind@randommax=\count404
\c@blind@pangramcount=\count405
\c@blind@pangrammax=\count406
)
(e:/downloads about latex/texlive/2022/texmf-dist/tex/generic/pgf/frontendlayer
/tikz/libraries/tikzlibraryfit.code.tex
File: tikzlibraryfit.code.tex 2021/05/15 v3.1.9a (3.1.9a)
)
(e:/downloads about latex/texlive/2022/texmf-dist/tex/generic/pgf/libraries/pgf
libraryarrows.meta.code.tex
File: pgflibraryarrows.meta.code.tex 2021/05/15 v3.1.9a (3.1.9a)
\pgfarrowinset=\dimen334
\pgfarrowlength=\dimen335
\pgfarrowwidth=\dimen336
\pgfarrowlinewidth=\dimen337
)
(e:/downloads about latex/texlive/2022/texmf-dist/tex/generic/pgf/frontendlayer
/tikz/libraries/tikzlibraryshapes.code.tex
File: tikzlibraryshapes.code.tex 2021/05/15 v3.1.9a (3.1.9a)

(e:/downloads about latex/texlive/2022/texmf-dist/tex/generic/pgf/frontendlayer
/tikz/libraries/tikzlibraryshapes.geometric.code.tex
File: tikzlibraryshapes.geometric.code.tex 2021/05/15 v3.1.9a (3.1.9a)

(e:/downloads about latex/texlive/2022/texmf-dist/tex/generic/pgf/libraries/sha
pes/pgflibraryshapes.geometric.code.tex
File: pgflibraryshapes.geometric.code.tex 2021/05/15 v3.1.9a (3.1.9a)
))
(e:/downloads about latex/texlive/2022/texmf-dist/tex/generic/pgf/frontendlayer
/tikz/libraries/tikzlibraryshapes.misc.code.tex
File: tikzlibraryshapes.misc.code.tex 2021/05/15 v3.1.9a (3.1.9a)

(e:/downloads about latex/texlive/2022/texmf-dist/tex/generic/pgf/libraries/sha
pes/pgflibraryshapes.misc.code.tex
File: pgflibraryshapes.misc.code.tex 2021/05/15 v3.1.9a (3.1.9a)
))
(e:/downloads about latex/texlive/2022/texmf-dist/tex/generic/pgf/frontendlayer
/tikz/libraries/tikzlibraryshapes.symbols.code.tex
File: tikzlibraryshapes.symbols.code.tex 2021/05/15 v3.1.9a (3.1.9a)

(e:/downloads about latex/texlive/2022/texmf-dist/tex/generic/pgf/libraries/sha
pes/pgflibraryshapes.symbols.code.tex
File: pgflibraryshapes.symbols.code.tex 2021/05/15 v3.1.9a (3.1.9a)
))
(e:/downloads about latex/texlive/2022/texmf-dist/tex/generic/pgf/frontendlayer
/tikz/libraries/tikzlibraryshapes.arrows.code.tex
File: tikzlibraryshapes.arrows.code.tex 2021/05/15 v3.1.9a (3.1.9a)

(e:/downloads about latex/texlive/2022/texmf-dist/tex/generic/pgf/libraries/sha
pes/pgflibraryshapes.arrows.code.tex
File: pgflibraryshapes.arrows.code.tex 2021/05/15 v3.1.9a (3.1.9a)
))
(e:/downloads about latex/texlive/2022/texmf-dist/tex/generic/pgf/frontendlayer
/tikz/libraries/tikzlibraryshapes.callouts.code.tex
(e:/downloads about latex/texlive/2022/texmf-dist/tex/generic/pgf/libraries/sha
pes/pgflibraryshapes.callouts.code.tex))
(e:/downloads about latex/texlive/2022/texmf-dist/tex/generic/pgf/frontendlayer
/tikz/libraries/tikzlibraryshapes.multipart.code.tex
File: tikzlibraryshapes.multipart.code.tex 2021/05/15 v3.1.9a (3.1.9a)

(e:/downloads about latex/texlive/2022/texmf-dist/tex/generic/pgf/libraries/sha
pes/pgflibraryshapes.multipart.code.tex
File: pgflibraryshapes.multipart.code.tex 2021/05/15 v3.1.9a (3.1.9a)
\pgfnodepartlowerbox=\box132
\pgfnodeparttwobox=\box133
\pgfnodepartthreebox=\box134
\pgfnodepartfourbox=\box135
\pgfnodeparttwentybox=\box136
\pgfnodepartnineteenbox=\box137
\pgfnodeparteighteenbox=\box138
\pgfnodepartseventeenbox=\box139
\pgfnodepartsixteenbox=\box140
\pgfnodepartfifteenbox=\box141
\pgfnodepartfourteenbox=\box142
\pgfnodepartthirteenbox=\box143
\pgfnodeparttwelvebox=\box144
\pgfnodepartelevenbox=\box145
\pgfnodeparttenbox=\box146
\pgfnodepartninebox=\box147
\pgfnodeparteightbox=\box148
\pgfnodepartsevenbox=\box149
\pgfnodepartsixbox=\box150
\pgfnodepartfivebox=\box151
)))
(e:/downloads about latex/texlive/2022/texmf-dist/tex/generic/pgf/frontendlayer
/tikz/libraries/tikzlibraryarrows.code.tex
File: tikzlibraryarrows.code.tex 2021/05/15 v3.1.9a (3.1.9a)

(e:/downloads about latex/texlive/2022/texmf-dist/tex/generic/pgf/libraries/pgf
libraryarrows.code.tex
File: pgflibraryarrows.code.tex 2021/05/15 v3.1.9a (3.1.9a)
\arrowsize=\dimen338
)) Including 'TulipStyle' comment.
\openout3 = `comment.cut'.


Straight input of comment.cut. (./comment.cut
(e:/downloads about latex/texlive/2022/texmf-dist/tex/latex/natbib/natbib.sty
Package: natbib 2010/09/13 8.31b (PWD, AO)


Package natbib Warning: The `cite' package should not be used
(natbib)                with natbib. Use option `sort' instead.

\bibhang=\skip87
\bibsep=\skip88
LaTeX Info: Redefining \cite on input line 694.
LaTeX Info: Redefining \citenum on input line 708.
\c@NAT@ctr=\count407
)
(e:/downloads about latex/texlive/2022/texmf-dist/tex/latex/gitinfo2/gitinfo2.s
ty
Package: gitinfo2 2015/11/22 v2.0.7 git revision information

(e:/downloads about latex/texlive/2022/texmf-dist/tex/generic/xstring/xstring.s
ty
(e:/downloads about latex/texlive/2022/texmf-dist/tex/generic/xstring/xstring.t
ex
\integerpart=\count408
\decimalpart=\count409
)
Package: xstring 2021/07/21 v1.84 String manipulations (CT)
)
(e:/downloads about latex/texlive/2022/texmf-dist/tex/latex/eso-pic/eso-pic.sty
Package: eso-pic 2020/10/14 v3.0a eso-pic (RN)
\ESO@tempdima=\dimen339
\ESO@tempdimb=\dimen340
)
Package gitinfo2 Info: gitinfo2 found : ../../.git/gitHeadInfo.gin
(gitinfo2)              on input line 128.
 (../../.git/gitHeadInfo.gin)
(e:/downloads about latex/texlive/2022/texmf-dist/tex/latex/gitinfo2/gitexinfo.
sty
Package: gitexinfo 2015/11/22 v2.0.7 Auxiliary package for gitinfo2
))
(e:/downloads about latex/texlive/2022/texmf-dist/tex/latex/fancyhdr/fancyhdr.s
ty
Package: fancyhdr 2021/01/28 v4.0.1 Extensive control of page headers and foote
rs
\f@nch@headwidth=\skip89
\f@nch@O@elh=\skip90
\f@nch@O@erh=\skip91
\f@nch@O@olh=\skip92
\f@nch@O@orh=\skip93
\f@nch@O@elf=\skip94
\f@nch@O@erf=\skip95
\f@nch@O@olf=\skip96
\f@nch@O@orf=\skip97
)
(e:/downloads about latex/texlive/2022/texmf-dist/tex/latex/mathtools/mathtools
.sty
Package: mathtools 2022/02/07 v1.28a mathematical typesetting tools

(e:/downloads about latex/texlive/2022/texmf-dist/tex/latex/mathtools/mhsetup.s
ty
Package: mhsetup 2021/03/18 v1.4 programming setup (MH)
)
\g_MT_multlinerow_int=\count410
\l_MT_multwidth_dim=\dimen341
\origjot=\skip98
\l_MT_shortvdotswithinadjustabove_dim=\dimen342
\l_MT_shortvdotswithinadjustbelow_dim=\dimen343
\l_MT_above_intertext_sep=\dimen344
\l_MT_below_intertext_sep=\dimen345
\l_MT_above_shortintertext_sep=\dimen346
\l_MT_below_shortintertext_sep=\dimen347
\xmathstrut@box=\box152
\xmathstrut@dim=\dimen348
)
\c@thm=\count411
\c@Remark=\count412
\c@proposition=\count413
\c@theorem=\count414
\c@lemma=\count415
\c@corollary=\count416
\c@example=\count417
\c@definition=\count418
\c@Algorithms=\count419
)) (./report.aux)
\openout1 = `report.aux'.

LaTeX Font Info:    Checking defaults for OML/cmm/m/it on input line 24.
LaTeX Font Info:    ... okay on input line 24.
LaTeX Font Info:    Checking defaults for OMS/cmsy/m/n on input line 24.
LaTeX Font Info:    ... okay on input line 24.
LaTeX Font Info:    Checking defaults for OT1/cmr/m/n on input line 24.
LaTeX Font Info:    ... okay on input line 24.
LaTeX Font Info:    Checking defaults for T1/cmr/m/n on input line 24.
LaTeX Font Info:    ... okay on input line 24.
LaTeX Font Info:    Checking defaults for TS1/cmr/m/n on input line 24.
LaTeX Font Info:    Trying to load font information for TS1+cmr on input line 2
4.

(e:/downloads about latex/texlive/2022/texmf-dist/tex/latex/base/ts1cmr.fd
File: ts1cmr.fd 2019/12/16 v2.5j Standard LaTeX font definitions
)
LaTeX Font Info:    ... okay on input line 24.
LaTeX Font Info:    Checking defaults for TU/lmr/m/n on input line 24.
LaTeX Font Info:    ... okay on input line 24.
LaTeX Font Info:    Checking defaults for OMX/cmex/m/n on input line 24.
LaTeX Font Info:    ... okay on input line 24.
LaTeX Font Info:    Checking defaults for U/cmr/m/n on input line 24.
LaTeX Font Info:    ... okay on input line 24.
LaTeX Font Info:    Checking defaults for PD1/pdf/m/n on input line 24.
LaTeX Font Info:    ... okay on input line 24.
LaTeX Font Info:    Checking defaults for PU/pdf/m/n on input line 24.
LaTeX Font Info:    ... okay on input line 24.
LaTeX Font Info:    Trying to load font information for U+msa on input line 24.


(e:/downloads about latex/texlive/2022/texmf-dist/tex/latex/amsfonts/umsa.fd
File: umsa.fd 2013/01/14 v3.01 AMS symbols A
)
LaTeX Font Info:    Trying to load font information for U+msb on input line 24.


(e:/downloads about latex/texlive/2022/texmf-dist/tex/latex/amsfonts/umsb.fd
File: umsb.fd 2013/01/14 v3.01 AMS symbols B
)
Package caption Info: Begin \AtBeginDocument code.
Package caption Info: hyperref package is loaded.
Package caption Info: rotating package is loaded.
Package caption Info: threeparttable package is loaded.
Package caption Info: wrapfig package is loaded.
Package caption Info: End \AtBeginDocument code.
Package hyperref Info: Link coloring ON on input line 24.

(e:/downloads about latex/texlive/2022/texmf-dist/tex/latex/hyperref/nameref.st
y
Package: nameref 2021-04-02 v2.47 Cross-referencing by name of section

(e:/downloads about latex/texlive/2022/texmf-dist/tex/latex/refcount/refcount.s
ty
Package: refcount 2019/12/15 v3.6 Data extraction from label references (HO)
)
(e:/downloads about latex/texlive/2022/texmf-dist/tex/generic/gettitlestring/ge
ttitlestring.sty
Package: gettitlestring 2019/12/15 v1.6 Cleanup title references (HO)
)
\c@section@level=\count420
)
LaTeX Info: Redefining \ref on input line 24.
LaTeX Info: Redefining \pageref on input line 24.
LaTeX Info: Redefining \nameref on input line 24.
 (./report.out) (./report.out)
\@outlinefile=\write6
\openout6 = `report.out'.

LaTeX Info: Redefining \microtypecontext on input line 24.
Package microtype Info: Applying patch `item' on input line 24.
Package microtype Info: Applying patch `toc' on input line 24.
Package microtype Info: Applying patch `eqnum' on input line 24.
Package microtype Info: Applying patch `footnote' on input line 24.
Package microtype Info: Character protrusion enabled (level 2).
Package microtype Info: Using default protrusion set `alltext'.
Package microtype Info: No adjustment of tracking.
Package microtype Info: No adjustment of spacing.
Package microtype Info: No adjustment of kerning.

(e:/downloads about latex/texlive/2022/texmf-dist/tex/latex/microtype/mt-LatinM
odernRoman.cfg
File: mt-LatinModernRoman.cfg 2021/02/21 v1.1 microtype config. file: Latin Mod
ern Roman (RS)
)
(e:/downloads about latex/texlive/2022/texmf-dist/tex/latex/translations/transl
ations-basic-dictionary-english.trsl
File: translations-basic-dictionary-english.trsl (english translation file `tra
nslations-basic-dictionary')
)
Package translations Info: loading dictionary `translations-basic-dictionary' f
or `english'. on input line 24.
 (./tex/abstract.tex) (./report.toc)
\tf@toc=\write7
\openout7 = `report.toc'.


[1] (./tex/mainbody.tex
File: D:/Ddownloads/p_working.eps Graphic file (type eps)
<D:/Ddownloads/p_working.eps>
File: D:/Ddownloads/p_holiday.eps Graphic file (type eps)
<D:/Ddownloads/p_holiday.eps>
File: D:/Ddownloads/p_weather.eps Graphic file (type eps)
<D:/Ddownloads/p_weather.eps>

(e:/downloads about latex/texlive/2022/texmf-dist/tex/latex/microtype/mt-cmr.cf
g
File: mt-cmr.cfg 2013/05/19 v2.2 microtype config. file: Computer Modern Roman 
(RS)
)
(e:/downloads about latex/texlive/2022/texmf-dist/tex/latex/microtype/mt-msa.cf
g
File: mt-msa.cfg 2006/02/04 v1.1 microtype config. file: AMS symbols (a) (RS)
)
(e:/downloads about latex/texlive/2022/texmf-dist/tex/latex/microtype/mt-msb.cf
g
File: mt-msb.cfg 2005/06/01 v1.0 microtype config. file: AMS symbols (b) (RS)
)
Invalid UTF-8 byte or sequence at line 121 replaced by U+FFFD.
Invalid UTF-8 byte or sequence at line 121 replaced by U+FFFD.
Invalid UTF-8 byte or sequence at line 121 replaced by U+FFFD.
Invalid UTF-8 byte or sequence at line 121 replaced by U+FFFD.
Invalid UTF-8 byte or sequence at line 121 replaced by U+FFFD.
Invalid UTF-8 byte or sequence at line 121 replaced by U+FFFD.
Invalid UTF-8 byte or sequence at line 121 replaced by U+FFFD.
File: ./graphics/logos/tulip-logo.eps Graphic file (type eps)
<./graphics/logos/tulip-logo.eps>


Package fancyhdr Warning: \footskip is too small (12.0pt): 
(fancyhdr)                Make it at least 14.79996pt, for example:
(fancyhdr)                \setlength{\footskip}{14.79996pt}.

[2]
File: D:/Ddownloads/p_season.eps Graphic file (type eps)
<D:/Ddownloads/p_season.eps>
File: D:/Ddownloads/heatmap.eps Graphic file (type eps)
<D:/Ddownloads/heatmap.eps>

Underfull \vbox (badness 10000) has occurred while \output is active []

File: ./graphics/logos/tulip-logo.eps Graphic file (type eps)
<./graphics/logos/tulip-logo.eps>


Package fancyhdr Warning: \footskip is too small (12.0pt): 
(fancyhdr)                Make it at least 14.79996pt, for example:
(fancyhdr)                \setlength{\footskip}{14.79996pt}.

[3]
File: D:/Ddownloads/jointplot_windspeed.eps Graphic file (type eps)
<D:/Ddownloads/jointplot_windspeed.eps>

Underfull \vbox (badness 10000) has occurred while \output is active []

File: ./graphics/logos/tulip-logo.eps Graphic file (type eps)
<./graphics/logos/tulip-logo.eps>


Package fancyhdr Warning: \footskip is too small (12.0pt): 
(fancyhdr)                Make it at least 14.79996pt, for example:
(fancyhdr)                \setlength{\footskip}{14.79996pt}.

[4]
File: D:/Ddownloads/jointplot_temp.eps Graphic file (type eps)
<D:/Ddownloads/jointplot_temp.eps>

Underfull \vbox (badness 10000) has occurred while \output is active []

File: ./graphics/logos/tulip-logo.eps Graphic file (type eps)
<./graphics/logos/tulip-logo.eps>


Package fancyhdr Warning: \footskip is too small (12.0pt): 
(fancyhdr)                Make it at least 14.79996pt, for example:
(fancyhdr)                \setlength{\footskip}{14.79996pt}.

[5]
File: D:/Ddownloads/jointplot_humidity.eps Graphic file (type eps)
<D:/Ddownloads/jointplot_humidity.eps>

Underfull \vbox (badness 10000) has occurred while \output is active []

File: ./graphics/logos/tulip-logo.eps Graphic file (type eps)
<./graphics/logos/tulip-logo.eps>


Package fancyhdr Warning: \footskip is too small (12.0pt): 
(fancyhdr)                Make it at least 14.79996pt, for example:
(fancyhdr)                \setlength{\footskip}{14.79996pt}.

[6]
File: ./graphics/logos/tulip-logo.eps Graphic file (type eps)
<./graphics/logos/tulip-logo.eps>


Package fancyhdr Warning: \footskip is too small (12.0pt): 
(fancyhdr)                Make it at least 14.79996pt, for example:
(fancyhdr)                \setlength{\footskip}{14.79996pt}.

[7]
File: D:/Ddownloads/QQ_plot.eps Graphic file (type eps)
<D:/Ddownloads/QQ_plot.eps>
File: ./graphics/logos/tulip-logo.eps Graphic file (type eps)
<./graphics/logos/tulip-logo.eps>


Package fancyhdr Warning: \footskip is too small (12.0pt): 
(fancyhdr)                Make it at least 14.79996pt, for example:
(fancyhdr)                \setlength{\footskip}{14.79996pt}.

[8]
File: D:/Ddownloads/predict_head.eps Graphic file (type eps)
<D:/Ddownloads/predict_head.eps>
)
File: ./graphics/logos/tulip-logo.eps Graphic file (type eps)
<./graphics/logos/tulip-logo.eps>


Package fancyhdr Warning: \footskip is too small (12.0pt): 
(fancyhdr)                Make it at least 14.79996pt, for example:
(fancyhdr)                \setlength{\footskip}{14.79996pt}.

[9] (./report.bbl

Package natbib Warning: Empty `thebibliography' environment on input line 8.

) (./report.tdo)
\tf@tdo=\write8
\openout8 = `report.tdo'.

Package microtype Info: Loading generic protrusion settings for font family
(microtype)             `lmtt' (encoding: TU).
(microtype)             For optimal results, create family-specific settings.
(microtype)             See the microtype manual for details.
File: ./graphics/logos/tulip-logo.eps Graphic file (type eps)
<./graphics/logos/tulip-logo.eps>


Package fancyhdr Warning: \footskip is too small (12.0pt): 
(fancyhdr)                Make it at least 14.79996pt, for example:
(fancyhdr)                \setlength{\footskip}{14.79996pt}.

[10]
No complaints by nag.
(./report.aux)
Package rerunfilecheck Info: File `report.out' has not changed.
(rerunfilecheck)             Checksum: AE97E057391DF347B173B907BC389604;1015.
 ) 
Here is how much of TeX's memory you used:
 41229 strings out of 476179
 894694 string characters out of 5803370
 1323684 words of memory out of 5000000
 61079 multiletter control sequences out of 15000+600000
 474522 words of font info for 62 fonts, out of 8000000 for 9000
 1509 hyphenation exceptions out of 8191
 120i,14n,134p,1003b,871s stack positions out of 10000i,1000n,20000p,200000b,200000s

Output written on report.pdf (10 pages).
